<?xml version="1.0" encoding="UTF-8"?>
<testsuite name="DogTest" tests="2" skipped="0" failures="0" errors="0" timestamp="2020-02-11T11:25:17" hostname="umuzi-admin" time="0.002">
  <properties/>
  <testcase name="TestCatSound" classname="DogTest" time="0.001"/>
  <testcase name="TestCatEats" classname="DogTest" time="0.0"/>
  <system-out><![CDATA[]]></system-out>
  <system-err><![CDATA[]]></system-err>
</testsuite>
